<?xml version="1.0" encoding="UTF-8"?>
<!-- Generated by org.testng.reporters.JUnitReportReporter -->
<testsuite hostname="LAPTOP-00LJ2F6F" failures="0" tests="3" name="restBDD.GetRequestBDD" time="2.199" errors="0" timestamp="04 Jun 2022 04:47:35 GMT" skipped="0">
  <testcase classname="restBDD.GetRequestBDD" name="test1" time="1.433"/>
  <testcase classname="restBDD.GetRequestBDD" name="test2" time="0.688"/>
  <testcase classname="restBDD.GetRequestBDD" name="test3" time="0.078"/>
</testsuite> <!-- restBDD.GetRequestBDD -->
