<?xml version="1.0" encoding="UTF-8"?>
<!-- Generated by org.testng.reporters.JUnitReportReporter -->
<testsuite hostname="LAPTOP-00LJ2F6F" failures="0" tests="1" name="restBDD.PostRequestBDD" time="2.167" errors="0" timestamp="04 Jun 2022 05:18:45 GMT" skipped="0">
  <testcase classname="restBDD.PostRequestBDD" name="test1" time="2.167"/>
</testsuite> <!-- restBDD.PostRequestBDD -->
