<?xml version="1.0" encoding="UTF-8"?>
<!-- Generated by org.testng.reporters.JUnitReportReporter -->
<testsuite hostname="LAPTOP-00LJ2F6F" failures="0" tests="1" name="restAPI.GetRequestWithParams" time="3.262" errors="0" timestamp="28 May 2022 05:27:37 GMT" skipped="0">
  <testcase classname="restAPI.GetRequestWithParams" name="test1" time="3.262"/>
</testsuite> <!-- restAPI.GetRequestWithParams -->
