<?xml version="1.0" encoding="UTF-8"?>
<!-- Generated by org.testng.reporters.JUnitReportReporter -->
<testsuite hostname="LAPTOP-00LJ2F6F" failures="0" tests="1" name="restAPI.PostRequestWithJsonObject" time="3.246" errors="0" timestamp="28 May 2022 06:42:37 GMT" skipped="0">
  <testcase classname="restAPI.PostRequestWithJsonObject" name="test1" time="3.246"/>
</testsuite> <!-- restAPI.PostRequestWithJsonObject -->
