<?xml version="1.0" encoding="UTF-8"?>
<!-- Generated by org.testng.reporters.JUnitReportReporter -->
<testsuite hostname="LAPTOP-00LJ2F6F" failures="0" tests="1" name="restBDD.DeleteRequestBDD" time="1.369" errors="0" timestamp="04 Jun 2022 05:19:13 GMT" skipped="0">
  <testcase classname="restBDD.DeleteRequestBDD" name="test1" time="1.369"/>
</testsuite> <!-- restBDD.DeleteRequestBDD -->
