<?xml version="1.0" encoding="UTF-8"?>
<!-- Generated by org.testng.reporters.JUnitReportReporter -->
<testsuite hostname="LAPTOP-00LJ2F6F" failures="0" tests="2" name="restAPIXML.XMLTest" time="3.463" errors="0" timestamp="04 Jun 2022 06:31:57 GMT" skipped="0">
  <testcase classname="restAPIXML.XMLTest" name="test2" time="1.289"/>
  <testcase classname="restAPIXML.XMLTest" name="test1" time="2.174"/>
</testsuite> <!-- restAPIXML.XMLTest -->
