<?xml version="1.0" encoding="UTF-8"?>
<!-- Generated by org.testng.reporters.JUnitReportReporter -->
<testsuite hostname="LAPTOP-00LJ2F6F" failures="0" tests="1" name="restAPI.DeleteRequest" time="1.639" errors="0" timestamp="29 May 2022 04:03:04 GMT" skipped="0">
  <testcase classname="restAPI.DeleteRequest" name="test1" time="1.639"/>
</testsuite> <!-- restAPI.DeleteRequest -->
