<?xml version="1.0" encoding="UTF-8"?>
<!-- Generated by org.testng.reporters.JUnitReportReporter -->
<testsuite hostname="LAPTOP-00LJ2F6F" failures="0" tests="1" name="APIChaining.EndToEndTest" time="2.392" errors="0" timestamp="29 May 2022 06:29:52 GMT" skipped="0">
  <testcase classname="APIChaining.EndToEndTest" name="test1" time="2.392"/>
</testsuite> <!-- APIChaining.EndToEndTest -->
