<?xml version="1.0" encoding="UTF-8"?>
<!-- Generated by org.testng.reporters.JUnitReportReporter -->
<testsuite hostname="LAPTOP-00LJ2F6F" failures="0" tests="1" name="restAPI.PostRequestWithFile" time="3.258" errors="0" timestamp="28 May 2022 07:16:57 GMT" skipped="0">
  <testcase classname="restAPI.PostRequestWithFile" name="test1" time="3.258"/>
</testsuite> <!-- restAPI.PostRequestWithFile -->
