<?xml version="1.0" encoding="UTF-8"?>
<!-- Generated by org.testng.reporters.JUnitReportReporter -->
<testsuite hostname="LAPTOP-00LJ2F6F" failures="0" tests="1" name="restAPI.GetRequest" time="2.118" errors="0" timestamp="29 May 2022 04:04:49 GMT" skipped="0">
  <testcase classname="restAPI.GetRequest" name="test1" time="2.118"/>
</testsuite> <!-- restAPI.GetRequest -->
