<?xml version="1.0" encoding="UTF-8"?>
<!-- Generated by org.testng.reporters.JUnitReportReporter -->
<testsuite hostname="LAPTOP-00LJ2F6F" failures="0" tests="1" name="restAPI.PostRequestWithMap" time="3.504" errors="0" timestamp="28 May 2022 06:53:46 GMT" skipped="0">
  <testcase classname="restAPI.PostRequestWithMap" name="test1" time="3.504"/>
</testsuite> <!-- restAPI.PostRequestWithMap -->
